j:\level1\demo.s(21): Error: cannot open: "gpu_68000.gas"
j:\level1\demo.s(192): Error: cannot open: "gpu_code.gas"
j:\level1\demo.s(193): Error: cannot open: "hardware.s"
j:\level1\demo.s(194): Error: cannot open: "scroll.s"
j:\level1\demo.s(195): Error: cannot open: "gestion.s"
j:\level1\demo.s(196): Error: cannot open: "tab2.gas"
j:\level1\demo.s(34): Error: undefined expression
j:\level1\demo.s(35): Error: undefined expression
j:\level1\demo.s(36): Error: undefined expression
j:\level1\demo.s(38): Error: undefined expression
j:\level1\demo.s(39): Error: undefined expression
j:\level1\demo.s(40): Error: undefined expression
j:\level1\demo.s(55): Error: undefined expression
j:\level1\demo.s(56): Error: undefined expression
j:\level1\demo.s(56): Error: undefined expression
j:\level1\demo.s(56): Error: undefined expression
j:\level1\demo.s(57): Error: undefined expression
j:\level1\demo.s(57): Error: undefined expression
j:\level1\demo.s(58): Error: undefined expression
j:\level1\demo.s(59): Error: undefined expression
j:\level1\demo.s(60): Error: undefined expression
j:\level1\demo.s(61): Error: undefined expression
j:\level1\demo.s(62): Error: undefined expression
j:\level1\demo.s(63): Error: undefined expression
j:\level1\demo.s(64): Error: undefined expression
j:\level1\demo.s(65): Error: undefined expression
j:\level1\demo.s(66): Error: undefined expression
j:\level1\demo.s(66): Error: undefined expression
j:\level1\demo.s(66): Error: undefined expression
j:\level1\demo.s(67): Error: undefined expression
j:\level1\demo.s(67): Error: undefined expression
j:\level1\demo.s(67): Error: undefined expression
j:\level1\demo.s(68): Error: undefined expression
j:\level1\demo.s(69): Error: undefined expression
j:\level1\demo.s(70): Error: undefined expression
j:\level1\demo.s(71): Error: undefined expression
j:\level1\demo.s(72): Error: undefined expression
j:\level1\demo.s(72): Error: undefined expression
j:\level1\demo.s(72): Error: undefined expression
j:\level1\demo.s(73): Error: undefined expression
j:\level1\demo.s(74): Error: undefined expression
j:\level1\demo.s(74): Error: undefined expression
j:\level1\demo.s(74): Error: undefined expression
j:\level1\demo.s(75): Error: undefined expression
j:\level1\demo.s(76): Error: undefined expression
j:\level1\demo.s(82): Error: undefined expression
j:\level1\demo.s(83): Error: undefined expression
j:\level1\demo.s(83): Error: undefined expression
j:\level1\demo.s(83): Error: undefined expression
j:\level1\demo.s(84): Error: undefined expression
j:\level1\demo.s(84): Error: undefined expression
j:\level1\demo.s(85): Error: undefined expression
j:\level1\demo.s(86): Error: undefined expression
j:\level1\demo.s(87): Error: undefined expression
j:\level1\demo.s(88): Error: undefined expression
j:\level1\demo.s(89): Error: undefined expression
j:\level1\demo.s(90): Error: undefined expression
j:\level1\demo.s(91): Error: undefined expression
j:\level1\demo.s(92): Error: undefined expression
j:\level1\demo.s(92): Error: undefined expression
j:\level1\demo.s(92): Error: undefined expression
j:\level1\demo.s(94): Error: undefined expression
j:\level1\demo.s(95): Error: undefined expression
j:\level1\demo.s(96): Error: undefined expression
j:\level1\demo.s(97): Error: undefined expression
j:\level1\demo.s(98): Error: undefined expression
j:\level1\demo.s(99): Error: undefined expression
j:\level1\demo.s(99): Error: undefined expression
j:\level1\demo.s(99): Error: undefined expression
j:\level1\demo.s(100): Error: undefined expression
j:\level1\demo.s(101): Error: undefined expression
j:\level1\demo.s(106): Error: undefined expression
j:\level1\demo.s(107): Error: undefined expression
j:\level1\demo.s(107): Error: undefined expression
j:\level1\demo.s(107): Error: undefined expression
j:\level1\demo.s(108): Error: undefined expression
j:\level1\demo.s(109): Error: undefined expression
j:\level1\demo.s(109): Error: undefined expression
j:\level1\demo.s(110): Error: undefined expression
j:\level1\demo.s(111): Error: undefined expression
j:\level1\demo.s(112): Error: undefined expression
j:\level1\demo.s(113): Error: undefined expression
j:\level1\demo.s(114): Error: undefined expression
j:\level1\demo.s(115): Error: undefined expression
j:\level1\demo.s(116): Error: undefined expression
j:\level1\demo.s(117): Error: undefined expression
j:\level1\demo.s(117): Error: undefined expression
j:\level1\demo.s(117): Error: undefined expression
j:\level1\demo.s(119): Error: undefined expression
j:\level1\demo.s(120): Error: undefined expression
j:\level1\demo.s(121): Error: undefined expression
j:\level1\demo.s(122): Error: undefined expression
j:\level1\demo.s(123): Error: undefined expression
j:\level1\demo.s(124): Error: undefined expression
j:\level1\demo.s(124): Error: undefined expression
j:\level1\demo.s(124): Error: undefined expression
j:\level1\demo.s(125): Error: undefined expression
j:\level1\demo.s(126): Error: undefined expression
j:\level1\demo.s(132): Error: undefined expression
j:\level1\demo.s(133): Error: undefined expression
j:\level1\demo.s(133): Error: undefined expression
j:\level1\demo.s(133): Error: undefined expression
j:\level1\demo.s(134): Error: undefined expression
j:\level1\demo.s(134): Error: undefined expression
j:\level1\demo.s(134): Error: undefined expression
j:\level1\demo.s(135): Error: undefined expression
j:\level1\demo.s(136): Error: undefined expression
j:\level1\demo.s(137): Error: undefined expression
j:\level1\demo.s(147): Error: undefined expression
j:\level1\demo.s(148): Error: undefined expression
j:\level1\demo.s(148): Error: undefined expression
j:\level1\demo.s(148): Error: undefined expression
j:\level1\demo.s(149): Error: undefined expression
j:\level1\demo.s(149): Error: undefined expression
j:\level1\demo.s(150): Error: undefined expression
j:\level1\demo.s(151): Error: undefined expression
j:\level1\demo.s(152): Error: undefined expression
j:\level1\demo.s(153): Error: undefined expression
j:\level1\demo.s(154): Error: undefined expression
j:\level1\demo.s(154): Error: undefined expression
j:\level1\demo.s(154): Error: undefined expression
j:\level1\demo.s(156): Error: undefined expression
j:\level1\demo.s(157): Error: undefined expression
j:\level1\demo.s(158): Error: undefined expression
j:\level1\demo.s(159): Error: undefined expression
j:\level1\demo.s(160): Error: undefined expression
j:\level1\demo.s(161): Error: undefined expression
j:\level1\demo.s(161): Error: undefined expression
j:\level1\demo.s(161): Error: undefined expression
j:\level1\demo.s(163): Error: undefined expression
j:\level1\demo.s(167): Error: undefined expression
j:\level1\demo.s(168): Error: undefined expression
j:\level1\demo.s(168): Error: undefined expression
j:\level1\demo.s(168): Error: undefined expression
j:\level1\demo.s(169): Error: undefined expression
j:\level1\demo.s(169): Error: undefined expression
j:\level1\demo.s(170): Error: undefined expression
j:\level1\demo.s(171): Error: undefined expression
j:\level1\demo.s(172): Error: undefined expression
j:\level1\demo.s(173): Error: undefined expression
j:\level1\demo.s(174): Error: undefined expression
j:\level1\demo.s(174): Error: undefined expression
j:\level1\demo.s(174): Error: undefined expression
j:\level1\demo.s(175): Error: undefined expression
j:\level1\demo.s(176): Error: undefined expression
j:\level1\demo.s(177): Error: undefined expression
j:\level1\demo.s(178): Error: undefined expression
j:\level1\demo.s(179): Error: undefined expression
j:\level1\demo.s(180): Error: undefined expression
j:\level1\demo.s(181): Error: undefined expression
j:\level1\demo.s(182): Error: undefined expression
j:\level1\demo.s(182): Error: undefined expression
j:\level1\demo.s(182): Error: undefined expression
